[debug] [2022-09-04T02:17:37.892Z] ----------------------------------------------------------------------
[debug] [2022-09-04T02:17:37.899Z] Command:       C:\Program Files\nodejs\node.exe C:\Program Files\nodejs\node_modules\firebase-tools\lib\bin\firebase.js init
[debug] [2022-09-04T02:17:37.900Z] CLI Version:   11.8.0
[debug] [2022-09-04T02:17:37.900Z] Platform:      win32
[debug] [2022-09-04T02:17:37.900Z] Node Version:  v14.18.1
[debug] [2022-09-04T02:17:37.904Z] Time:          Sun Sep 04 2022 03:17:37 GMT+0100 (West Africa Standard Time)
[debug] [2022-09-04T02:17:37.905Z] ----------------------------------------------------------------------
[debug] 
[debug] [2022-09-04T02:17:37.913Z] >>> [apiv2][query] GET https://firebase-public.firebaseio.com/cli.json [none]
[debug] [2022-09-04T02:17:37.989Z] > command requires scopes: ["email","openid","https://www.googleapis.com/auth/cloudplatformprojects.readonly","https://www.googleapis.com/auth/firebase","https://www.googleapis.com/auth/cloud-platform"]
[debug] [2022-09-04T02:17:37.991Z] > authorizing via signed-in user (paul.emechebe@gmail.com)
[info] 
     ######## #### ########  ######## ########     ###     ######  ########
     ##        ##  ##     ## ##       ##     ##  ##   ##  ##       ##
     ######    ##  ########  ######   ########  #########  ######  ######
     ##        ##  ##    ##  ##       ##     ## ##     ##       ## ##
     ##       #### ##     ## ######## ########  ##     ##  ######  ########

You're about to initialize a Firebase project in this directory:

  C:\Users\PTB\Desktop\grow

[debug] [2022-09-04T02:17:38.784Z] <<< [apiv2][status] GET https://firebase-public.firebaseio.com/cli.json 200
[debug] [2022-09-04T02:17:38.785Z] <<< [apiv2][body] GET https://firebase-public.firebaseio.com/cli.json {"cloudBuildErrorAfter":1594252800000,"cloudBuildWarnAfter":1590019200000,"defaultNode10After":1594252800000,"minVersion":"3.0.5","node8DeploysDisabledAfter":1613390400000,"node8RuntimeDisabledAfter":1615809600000,"node8WarnAfter":1600128000000}
[info] 
=== Project Setup
[info] 
[info] First, let's associate this project directory with a Firebase project.
[info] You can create multiple project aliases by running firebase use --add, 
[info] but for now we'll just set up a default project.
[info] 
[debug] [2022-09-04T02:19:24.671Z] > refreshing access token with scopes: []
[debug] [2022-09-04T02:19:24.675Z] >>> [apiv2][query] POST https://www.googleapis.com/oauth2/v3/token [none]
[debug] [2022-09-04T02:19:24.675Z] >>> [apiv2][body] POST https://www.googleapis.com/oauth2/v3/token [omitted]
[debug] [2022-09-04T02:19:25.308Z] <<< [apiv2][status] POST https://www.googleapis.com/oauth2/v3/token 200
[debug] [2022-09-04T02:19:25.309Z] <<< [apiv2][body] POST https://www.googleapis.com/oauth2/v3/token [omitted]
[debug] [2022-09-04T02:19:25.429Z] >>> [apiv2][query] GET https://firebase.googleapis.com/v1beta1/projects pageSize=100
[debug] [2022-09-04T02:19:26.150Z] <<< [apiv2][status] GET https://firebase.googleapis.com/v1beta1/projects 200
[debug] [2022-09-04T02:19:26.150Z] <<< [apiv2][body] GET https://firebase.googleapis.com/v1beta1/projects [omitted]
[info] i  Using project growbyaisely (growbyaisely) 
[info] 
=== Hosting Setup
[info] 
[info] Your public directory is the folder (relative to your project directory) that
[info] will contain Hosting assets to be uploaded with firebase deploy. If you
[info] have a build process for your assets, use your build's output directory.
[info] 
[info] +  Wrote public/404.html 
[debug] [2022-09-04T02:20:15.455Z] >>> [apiv2][query] GET https://www.gstatic.com/firebasejs/releases.json [none]
[debug] [2022-09-04T02:20:15.703Z] <<< [apiv2][status] GET https://www.gstatic.com/firebasejs/releases.json 200
[debug] [2022-09-04T02:20:15.704Z] <<< [apiv2][body] GET https://www.gstatic.com/firebasejs/releases.json {"current":{"version":"9.9.4","browserURL":"https://www.gstatic.com/firebasejs/9.9.4/firebase.js","packageURL":"https://www.gstatic.com/firebasejs/9.9.4/firebase.tgz"},"live":{"version":"9.9","browserURL":"https://www.gstatic.com/firebasejs/live/9.9/firebase.js","packageURL":"https://www.gstatic.com/firebasejs/live/9.9/firebase.tgz"},"components":{"analytics":"https://www.gstatic.com/firebasejs/9.9.4/firebase-analytics.js","app":"https://www.gstatic.com/firebasejs/9.9.4/firebase-app.js","app-check":"https://www.gstatic.com/firebasejs/9.9.4/firebase-app-check.js","auth":"https://www.gstatic.com/firebasejs/9.9.4/firebase-auth.js","auth/cordova":"https://www.gstatic.com/firebasejs/9.9.4/firebase-auth/cordova.js","auth/react-native":"https://www.gstatic.com/firebasejs/9.9.4/firebase-auth/react-native.js","functions":"https://www.gstatic.com/firebasejs/9.9.4/firebase-functions.js","firestore":"https://www.gstatic.com/firebasejs/9.9.4/firebase-firestore.js","firestore/lite":"https://www.gstatic.com/firebasejs/9.9.4/firebase-firestore/lite.js","installations":"https://www.gstatic.com/firebasejs/9.9.4/firebase-installations.js","storage":"https://www.gstatic.com/firebasejs/9.9.4/firebase-storage.js","performance":"https://www.gstatic.com/firebasejs/9.9.4/firebase-performance.js","remote-config":"https://www.gstatic.com/firebasejs/9.9.4/firebase-remote-config.js","messaging":"https://www.gstatic.com/firebasejs/9.9.4/firebase-messaging.js","messaging/sw":"https://www.gstatic.com/firebasejs/9.9.4/firebase-messaging/sw.js","database":"https://www.gstatic.com/firebasejs/9.9.4/firebase-database.js","firestore.memory":"https://www.gstatic.com/firebasejs/9.9.4/firebase-firestore.memory.js"}}
[info] +  Wrote public/index.html 
[info] 
[info] i  Detected a .git folder at C:\Users\PTB\Desktop\grow 
[info] i  Authorizing with GitHub to upload your service account to a GitHub repository's secrets store. 
[info] 
[info] Visit this URL on this device to log in:
[info] https://github.com/login/oauth/authorize?client_id=89cf50f02ac6aaed3484&state=854674410&redirect_uri=http%3A%2F%2Flocalhost%3A9005&scope=read%3Auser%20repo%20public_repo
[info] 
[info] Waiting for authentication...
[debug] [2022-09-04T02:20:19.820Z] >>> [apiv2][query] POST https://github.com/login/oauth/access_token [none]
[debug] [2022-09-04T02:20:19.820Z] >>> [apiv2][body] POST https://github.com/login/oauth/access_token [stream]
[debug] [2022-09-04T02:20:20.389Z] <<< [apiv2][status] POST https://github.com/login/oauth/access_token 200
[debug] [2022-09-04T02:20:20.390Z] <<< [apiv2][body] POST https://github.com/login/oauth/access_token {"access_token":"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","token_type":"bearer","scope":"read:user,repo"}
[debug] [2022-09-04T02:20:20.456Z] >>> [apiv2][query] GET https://api.github.com/user [none]
[debug] [2022-09-04T02:20:21.039Z] <<< [apiv2][status] GET https://api.github.com/user 200
[debug] [2022-09-04T02:20:21.039Z] <<< [apiv2][body] GET https://api.github.com/user {"login":"PTBYSR","id":76046277,"node_id":"MDQ6VXNlcjc2MDQ2Mjc3","avatar_url":"https://avatars.githubusercontent.com/u/76046277?v=4","gravatar_id":"","url":"https://api.github.com/users/PTBYSR","html_url":"https://github.com/PTBYSR","followers_url":"https://api.github.com/users/PTBYSR/followers","following_url":"https://api.github.com/users/PTBYSR/following{/other_user}","gists_url":"https://api.github.com/users/PTBYSR/gists{/gist_id}","starred_url":"https://api.github.com/users/PTBYSR/starred{/owner}{/repo}","subscriptions_url":"https://api.github.com/users/PTBYSR/subscriptions","organizations_url":"https://api.github.com/users/PTBYSR/orgs","repos_url":"https://api.github.com/users/PTBYSR/repos","events_url":"https://api.github.com/users/PTBYSR/events{/privacy}","received_events_url":"https://api.github.com/users/PTBYSR/received_events","type":"User","site_admin":false,"name":"Paul-Simon Emechebe","company":"Aisely","blog":"","location":"Lagos, Nigeria","email":"paul.emechebe@gmail.com","hireable":null,"bio":"Self-taught creative developer creating with React. Also building at @Aisely \r\n","twitter_username":"ptbthefirst","public_repos":33,"public_gists":0,"followers":9,"following":15,"created_at":"2020-12-15T11:27:00Z","updated_at":"2022-09-04T01:34:09Z","private_gists":0,"total_private_repos":6,"owned_private_repos":6,"disk_usage":101436,"collaborators":0,"two_factor_authentication":false,"plan":{"name":"free","space":976562499,"collaborators":0,"private_repos":10000}}
[info] 
[info] +  Success! Logged into GitHub as PTBYSR 
[info] 
[debug] [2022-09-04T02:20:50.890Z] >>> [apiv2][query] GET https://api.github.com/repos/grow/actions/secrets/public-key type=owner
[debug] [2022-09-04T02:20:51.388Z] <<< [apiv2][status] GET https://api.github.com/repos/grow/actions/secrets/public-key 404
[debug] [2022-09-04T02:20:51.389Z] <<< [apiv2][body] GET https://api.github.com/repos/grow/actions/secrets/public-key {"message":"Not Found","documentation_url":"https://docs.github.com/rest"}
[debug] [2022-09-04T02:21:03.625Z] >>> [apiv2][query] GET https://api.github.com/repos/grow/actions/secrets/public-key type=owner
[debug] [2022-09-04T02:21:04.117Z] <<< [apiv2][status] GET https://api.github.com/repos/grow/actions/secrets/public-key 404
[debug] [2022-09-04T02:21:04.117Z] <<< [apiv2][body] GET https://api.github.com/repos/grow/actions/secrets/public-key {"message":"Not Found","documentation_url":"https://docs.github.com/rest"}
[debug] [2022-09-04T02:21:04.842Z] >>> [apiv2][query] GET https://api.github.com/repos/grow/actions/secrets/public-key type=owner
[debug] [2022-09-04T02:21:05.035Z] >>> [apiv2][query] GET https://api.github.com/repos//actions/secrets/public-key type=owner
[debug] [2022-09-04T02:21:05.242Z] >>> [apiv2][query] GET https://api.github.com/repos//actions/secrets/public-key type=owner
[debug] [2022-09-04T02:21:05.628Z] <<< [apiv2][status] GET https://api.github.com/repos/grow/actions/secrets/public-key 404
[debug] [2022-09-04T02:21:05.629Z] <<< [apiv2][body] GET https://api.github.com/repos/grow/actions/secrets/public-key {"message":"Not Found","documentation_url":"https://docs.github.com/rest"}
[debug] [2022-09-04T02:21:05.702Z] <<< [apiv2][status] GET https://api.github.com/repos//actions/secrets/public-key 404
[debug] [2022-09-04T02:21:05.702Z] <<< [apiv2][body] GET https://api.github.com/repos//actions/secrets/public-key {"message":"Not Found","documentation_url":"https://docs.github.com/rest"}
[debug] [2022-09-04T02:21:05.757Z] <<< [apiv2][status] GET https://api.github.com/repos//actions/secrets/public-key 404
[debug] [2022-09-04T02:21:05.757Z] <<< [apiv2][body] GET https://api.github.com/repos//actions/secrets/public-key {"message":"Not Found","documentation_url":"https://docs.github.com/rest"}
[debug] [2022-09-04T02:22:48.145Z] ----------------------------------------------------------------------
[debug] [2022-09-04T02:22:48.151Z] Command:       C:\Program Files\nodejs\node.exe C:\Program Files\nodejs\node_modules\firebase-tools\lib\bin\firebase.js init
[debug] [2022-09-04T02:22:48.152Z] CLI Version:   11.8.0
[debug] [2022-09-04T02:22:48.152Z] Platform:      win32
[debug] [2022-09-04T02:22:48.152Z] Node Version:  v14.18.1
[debug] [2022-09-04T02:22:48.154Z] Time:          Sun Sep 04 2022 03:22:48 GMT+0100 (West Africa Standard Time)
[debug] [2022-09-04T02:22:48.154Z] ----------------------------------------------------------------------
[debug] 
[debug] [2022-09-04T02:22:48.173Z] > command requires scopes: ["email","openid","https://www.googleapis.com/auth/cloudplatformprojects.readonly","https://www.googleapis.com/auth/firebase","https://www.googleapis.com/auth/cloud-platform"]
[debug] [2022-09-04T02:22:48.174Z] > authorizing via signed-in user (paul.emechebe@gmail.com)
[info] 
     ######## #### ########  ######## ########     ###     ######  ########
     ##        ##  ##     ## ##       ##     ##  ##   ##  ##       ##
     ######    ##  ########  ######   ########  #########  ######  ######
     ##        ##  ##    ##  ##       ##     ## ##     ##       ## ##
     ##       #### ##     ## ######## ########  ##     ##  ######  ########

You're about to initialize a Firebase project in this directory:

  C:\Users\PTB\Desktop\grow

